
SQL*Loader: Release 11.2.0.1.0 - Production on Fri Oct 25 15:04:27 2013

Copyright (c) 1982, 2009, Oracle and/or its affiliates.  All rights reserved.

Control File:   Commune_ctl.txt
Character Set UTF8 specified for all input.

Data File:      Commune_Tuples.csv
  Bad File:     Commune_Tuples.bad
  Discard File:  none specified
 
 (Allow all discards)

Number to load: ALL
Number to skip: 0
Errors allowed: 50
Bind array:     64 rows, maximum of 256000 bytes
Continuation:    none specified
Path used:      Conventional

Table COMMUNE, loaded from every logical record.
Insert option in effect for this table: TRUNCATE
TRAILING NULLCOLS option in effect

   Column Name                  Position   Len  Term Encl Datatype
------------------------------ ---------- ----- ---- ---- ---------------------
CODEINSEE                           FIRST     *   ;       CHARACTER            
    SQL string for column : "to_char(:codeInsee)"
NOMC                                 NEXT     *   ;       CHARACTER            
    SQL string for column : "upper(:nomC)"
ALTITUDE                             NEXT     *   ;       CHARACTER            
CODEPOSTAL                           NEXT     *   ;       CHARACTER            
    SQL string for column : "to_char(:codePostal)"
LONGITUDE_RADIAN                     NEXT     *   ;       CHARACTER            
LATITUDE_RADIAN                      NEXT     *   ;       CHARACTER            
POPULATION99                         NEXT     *   ;       CHARACTER            
SURFACE                              NEXT     *   ;       CHARACTER            


Table COMMUNE:
  36569 Rows successfully loaded.
  0 Rows not loaded due to data errors.
  0 Rows not loaded because all WHEN clauses were failed.
  0 Rows not loaded because all fields were null.


Space allocated for bind array:                 132096 bytes(64 rows)
Read   buffer bytes: 1048576

Total logical records skipped:          0
Total logical records read:         36569
Total logical records rejected:         0
Total logical records discarded:        0

Run began on Fri Oct 25 15:04:27 2013
Run ended on Fri Oct 25 15:04:30 2013

Elapsed time was:     00:00:02.28
CPU time was:         00:00:00.24
